This is pdfTeX, Version 3.14159265-2.6-1.40.16 (TeX Live 2015/Debian) (preloaded format=pdflatex 2017.1.5)  24 JAN 2017 21:27
entering extended mode
 restricted \write18 enabled.
 %&-line parsing enabled.
**Dissertation.tex
(./Dissertation.tex
LaTeX2e <2016/02/01>
Babel <3.9q> and hyphenation patterns for 81 language(s) loaded.
(/usr/share/texlive/texmf-dist/tex/latex/base/book.cls
Document Class: book 2014/09/29 v1.4h Standard LaTeX document class
(/usr/share/texlive/texmf-dist/tex/latex/base/bk12.clo
File: bk12.clo 2014/09/29 v1.4h Standard LaTeX file (size option)
)
\c@part=\count79
\c@chapter=\count80
\c@section=\count81
\c@subsection=\count82
\c@subsubsection=\count83
\c@paragraph=\count84
\c@subparagraph=\count85
\c@figure=\count86
\c@table=\count87
\abovecaptionskip=\skip41
\belowcaptionskip=\skip42
\bibindent=\dimen102
)
(/usr/share/texlive/texmf-dist/tex/latex/geometry/geometry.sty
Package: geometry 2010/09/12 v5.6 Page Geometry

(/usr/share/texlive/texmf-dist/tex/latex/graphics/keyval.sty
Package: keyval 2014/10/28 v1.15 key=value parser (DPC)
\KV@toks@=\toks14
)
(/usr/share/texlive/texmf-dist/tex/generic/oberdiek/ifpdf.sty
Package: ifpdf 2011/01/30 v2.3 Provides the ifpdf switch (HO)
Package ifpdf Info: pdfTeX in PDF mode is detected.
)
(/usr/share/texlive/texmf-dist/tex/generic/oberdiek/ifvtex.sty
Package: ifvtex 2010/03/01 v1.5 Detect VTeX and its facilities (HO)
Package ifvtex Info: VTeX not detected.
)
(/usr/share/texlive/texmf-dist/tex/generic/ifxetex/ifxetex.sty
Package: ifxetex 2010/09/12 v0.6 Provides ifxetex conditional
)
\Gm@cnth=\count88
\Gm@cntv=\count89
\c@Gm@tempcnt=\count90
\Gm@bindingoffset=\dimen103
\Gm@wd@mp=\dimen104
\Gm@odd@mp=\dimen105
\Gm@even@mp=\dimen106
\Gm@layoutwidth=\dimen107
\Gm@layoutheight=\dimen108
\Gm@layouthoffset=\dimen109
\Gm@layoutvoffset=\dimen110
\Gm@dimlist=\toks15
)
(/usr/share/texlive/texmf-dist/tex/latex/setspace/setspace.sty
Package: setspace 2011/12/19 v6.7a set line spacing
)
(/usr/share/texlive/texmf-dist/tex/latex/natbib/bibentry.sty
Package: bibentry 2007/10/30 1.5 (PWD)
)
(/usr/share/texlive/texmf-dist/tex/latex/caption/caption.sty
Package: caption 2016/02/21 v3.3-144 Customizing captions (AR)

(/usr/share/texlive/texmf-dist/tex/latex/caption/caption3.sty
Package: caption3 2016/02/04 v1.7-139 caption3 kernel (AR)
Package caption3 Info: TeX engine: e-TeX on input line 67.
\captionmargin=\dimen111
\captionmargin@=\dimen112
\captionwidth=\dimen113
\caption@tempdima=\dimen114
\caption@indent=\dimen115
\caption@parindent=\dimen116
\caption@hangindent=\dimen117
)
\c@ContinuedFloat=\count91
)
(/usr/share/texlive/texmf-dist/tex/latex/caption/subcaption.sty
Package: subcaption 2016/02/20 v1.1-142 Sub-captions (AR)
\c@subfigure=\count92
\c@subtable=\count93
)
(/usr/share/texlive/texmf-dist/tex/latex/lipsum/lipsum.sty
Package: lipsum 2014/07/27 v1.3 150 paragraphs of Lorem Ipsum dummy text
\c@lips@count=\count94
)
(/usr/share/texmf/tex/latex/pgf/frontendlayer/tikz.sty
(/usr/share/texmf/tex/latex/pgf/basiclayer/pgf.sty
(/usr/share/texmf/tex/latex/pgf/utilities/pgfrcs.sty
(/usr/share/texmf/tex/generic/pgf/utilities/pgfutil-common.tex
\pgfutil@everybye=\toks16
)
(/usr/share/texmf/tex/generic/pgf/utilities/pgfutil-latex.def
\pgfutil@abb=\box26

(/usr/share/texlive/texmf-dist/tex/latex/ms/everyshi.sty
Package: everyshi 2001/05/15 v3.00 EveryShipout Package (MS)
))
(/usr/share/texmf/tex/generic/pgf/utilities/pgfrcs.code.tex
Package: pgfrcs 2010/10/25 v2.10 (rcs-revision 1.24)
))
Package: pgf 2008/01/15 v2.10 (rcs-revision 1.12)

(/usr/share/texmf/tex/latex/pgf/basiclayer/pgfcore.sty
(/usr/share/texlive/texmf-dist/tex/latex/graphics/graphicx.sty
Package: graphicx 2014/10/28 v1.0g Enhanced LaTeX Graphics (DPC,SPQR)

(/usr/share/texlive/texmf-dist/tex/latex/graphics/graphics.sty
Package: graphics 2016/01/03 v1.0q Standard LaTeX Graphics (DPC,SPQR)

(/usr/share/texlive/texmf-dist/tex/latex/graphics/trig.sty
Package: trig 2016/01/03 v1.10 sin cos tan (DPC)
)
(/usr/share/texlive/texmf-dist/tex/latex/latexconfig/graphics.cfg
File: graphics.cfg 2010/04/23 v1.9 graphics configuration of TeX Live
)
Package graphics Info: Driver file: pdftex.def on input line 95.

(/usr/share/texlive/texmf-dist/tex/latex/pdftex-def/pdftex.def
File: pdftex.def 2011/05/27 v0.06d Graphics/color for pdfTeX

(/usr/share/texlive/texmf-dist/tex/generic/oberdiek/infwarerr.sty
Package: infwarerr 2010/04/08 v1.3 Providing info/warning/error messages (HO)
)
(/usr/share/texlive/texmf-dist/tex/generic/oberdiek/ltxcmds.sty
Package: ltxcmds 2011/11/09 v1.22 LaTeX kernel commands for general use (HO)
)
\Gread@gobject=\count95
))
\Gin@req@height=\dimen118
\Gin@req@width=\dimen119
)
(/usr/share/texmf/tex/latex/pgf/systemlayer/pgfsys.sty
(/usr/share/texmf/tex/generic/pgf/systemlayer/pgfsys.code.tex
Package: pgfsys 2010/06/30 v2.10 (rcs-revision 1.37)

(/usr/share/texmf/tex/generic/pgf/utilities/pgfkeys.code.tex
\pgfkeys@pathtoks=\toks17
\pgfkeys@temptoks=\toks18

(/usr/share/texmf/tex/generic/pgf/utilities/pgfkeysfiltered.code.tex
\pgfkeys@tmptoks=\toks19
))
\pgf@x=\dimen120
\pgf@y=\dimen121
\pgf@xa=\dimen122
\pgf@ya=\dimen123
\pgf@xb=\dimen124
\pgf@yb=\dimen125
\pgf@xc=\dimen126
\pgf@yc=\dimen127
\w@pgf@writea=\write3
\r@pgf@reada=\read1
\c@pgf@counta=\count96
\c@pgf@countb=\count97
\c@pgf@countc=\count98
\c@pgf@countd=\count99

(/usr/share/texmf/tex/generic/pgf/systemlayer/pgf.cfg
File: pgf.cfg 2008/05/14  (rcs-revision 1.7)
)
Package pgfsys Info: Driver file for pgf: pgfsys-pdftex.def on input line 900.

(/usr/share/texmf/tex/generic/pgf/systemlayer/pgfsys-pdftex.def
File: pgfsys-pdftex.def 2009/05/22  (rcs-revision 1.26)

(/usr/share/texmf/tex/generic/pgf/systemlayer/pgfsys-common-pdf.def
File: pgfsys-common-pdf.def 2008/05/19  (rcs-revision 1.10)
)))
(/usr/share/texmf/tex/generic/pgf/systemlayer/pgfsyssoftpath.code.tex
File: pgfsyssoftpath.code.tex 2008/07/18  (rcs-revision 1.7)
\pgfsyssoftpath@smallbuffer@items=\count100
\pgfsyssoftpath@bigbuffer@items=\count101
)
(/usr/share/texmf/tex/generic/pgf/systemlayer/pgfsysprotocol.code.tex
File: pgfsysprotocol.code.tex 2006/10/16  (rcs-revision 1.4)
))
(/usr/share/texmf/tex/latex/xcolor/xcolor.sty
Package: xcolor 2007/01/21 v2.11 LaTeX color extensions (UK)

(/usr/share/texlive/texmf-dist/tex/latex/latexconfig/color.cfg
File: color.cfg 2007/01/18 v1.5 color configuration of teTeX/TeXLive
)
Package xcolor Info: Driver file: pdftex.def on input line 225.
Package xcolor Info: Model `cmy' substituted by `cmy0' on input line 1337.
Package xcolor Info: Model `hsb' substituted by `rgb' on input line 1341.
Package xcolor Info: Model `RGB' extended on input line 1353.
Package xcolor Info: Model `HTML' substituted by `rgb' on input line 1355.
Package xcolor Info: Model `Hsb' substituted by `hsb' on input line 1356.
Package xcolor Info: Model `tHsb' substituted by `hsb' on input line 1357.
Package xcolor Info: Model `HSB' substituted by `hsb' on input line 1358.
Package xcolor Info: Model `Gray' substituted by `gray' on input line 1359.
Package xcolor Info: Model `wave' substituted by `hsb' on input line 1360.
)
(/usr/share/texmf/tex/generic/pgf/basiclayer/pgfcore.code.tex
Package: pgfcore 2010/04/11 v2.10 (rcs-revision 1.7)

(/usr/share/texmf/tex/generic/pgf/math/pgfmath.code.tex
(/usr/share/texmf/tex/generic/pgf/math/pgfmathcalc.code.tex
(/usr/share/texmf/tex/generic/pgf/math/pgfmathutil.code.tex)
(/usr/share/texmf/tex/generic/pgf/math/pgfmathparser.code.tex
\pgfmath@dimen=\dimen128
\pgfmath@count=\count102
\pgfmath@box=\box27
\pgfmath@toks=\toks20
\pgfmath@stack@operand=\toks21
\pgfmath@stack@operation=\toks22
)
(/usr/share/texmf/tex/generic/pgf/math/pgfmathfunctions.code.tex
(/usr/share/texmf/tex/generic/pgf/math/pgfmathfunctions.basic.code.tex)
(/usr/share/texmf/tex/generic/pgf/math/pgfmathfunctions.trigonometric.code.tex)
(/usr/share/texmf/tex/generic/pgf/math/pgfmathfunctions.random.code.tex)
(/usr/share/texmf/tex/generic/pgf/math/pgfmathfunctions.comparison.code.tex)
(/usr/share/texmf/tex/generic/pgf/math/pgfmathfunctions.base.code.tex)
(/usr/share/texmf/tex/generic/pgf/math/pgfmathfunctions.round.code.tex)
(/usr/share/texmf/tex/generic/pgf/math/pgfmathfunctions.misc.code.tex)))
(/usr/share/texmf/tex/generic/pgf/math/pgfmathfloat.code.tex
\c@pgfmathroundto@lastzeros=\count103
))
(/usr/share/texmf/tex/generic/pgf/basiclayer/pgfcorepoints.code.tex
File: pgfcorepoints.code.tex 2010/04/09  (rcs-revision 1.20)
\pgf@picminx=\dimen129
\pgf@picmaxx=\dimen130
\pgf@picminy=\dimen131
\pgf@picmaxy=\dimen132
\pgf@pathminx=\dimen133
\pgf@pathmaxx=\dimen134
\pgf@pathminy=\dimen135
\pgf@pathmaxy=\dimen136
\pgf@xx=\dimen137
\pgf@xy=\dimen138
\pgf@yx=\dimen139
\pgf@yy=\dimen140
\pgf@zx=\dimen141
\pgf@zy=\dimen142
)
(/usr/share/texmf/tex/generic/pgf/basiclayer/pgfcorepathconstruct.code.tex
File: pgfcorepathconstruct.code.tex 2010/08/03  (rcs-revision 1.24)
\pgf@path@lastx=\dimen143
\pgf@path@lasty=\dimen144
)
(/usr/share/texmf/tex/generic/pgf/basiclayer/pgfcorepathusage.code.tex
File: pgfcorepathusage.code.tex 2008/04/22  (rcs-revision 1.12)
\pgf@shorten@end@additional=\dimen145
\pgf@shorten@start@additional=\dimen146
)
(/usr/share/texmf/tex/generic/pgf/basiclayer/pgfcorescopes.code.tex
File: pgfcorescopes.code.tex 2010/09/08  (rcs-revision 1.34)
\pgfpic=\box28
\pgf@hbox=\box29
\pgf@layerbox@main=\box30
\pgf@picture@serial@count=\count104
)
(/usr/share/texmf/tex/generic/pgf/basiclayer/pgfcoregraphicstate.code.tex
File: pgfcoregraphicstate.code.tex 2008/04/22  (rcs-revision 1.9)
\pgflinewidth=\dimen147
)
(/usr/share/texmf/tex/generic/pgf/basiclayer/pgfcoretransformations.code.tex
File: pgfcoretransformations.code.tex 2009/06/10  (rcs-revision 1.11)
\pgf@pt@x=\dimen148
\pgf@pt@y=\dimen149
\pgf@pt@temp=\dimen150
)
(/usr/share/texmf/tex/generic/pgf/basiclayer/pgfcorequick.code.tex
File: pgfcorequick.code.tex 2008/10/09  (rcs-revision 1.3)
)
(/usr/share/texmf/tex/generic/pgf/basiclayer/pgfcoreobjects.code.tex
File: pgfcoreobjects.code.tex 2006/10/11  (rcs-revision 1.2)
)
(/usr/share/texmf/tex/generic/pgf/basiclayer/pgfcorepathprocessing.code.tex
File: pgfcorepathprocessing.code.tex 2008/10/09  (rcs-revision 1.8)
)
(/usr/share/texmf/tex/generic/pgf/basiclayer/pgfcorearrows.code.tex
File: pgfcorearrows.code.tex 2008/04/23  (rcs-revision 1.11)
)
(/usr/share/texmf/tex/generic/pgf/basiclayer/pgfcoreshade.code.tex
File: pgfcoreshade.code.tex 2008/11/23  (rcs-revision 1.13)
\pgf@max=\dimen151
\pgf@sys@shading@range@num=\count105
)
(/usr/share/texmf/tex/generic/pgf/basiclayer/pgfcoreimage.code.tex
File: pgfcoreimage.code.tex 2010/03/25  (rcs-revision 1.16)

(/usr/share/texmf/tex/generic/pgf/basiclayer/pgfcoreexternal.code.tex
File: pgfcoreexternal.code.tex 2010/09/01  (rcs-revision 1.17)
\pgfexternal@startupbox=\box31
))
(/usr/share/texmf/tex/generic/pgf/basiclayer/pgfcorelayers.code.tex
File: pgfcorelayers.code.tex 2010/08/27  (rcs-revision 1.2)
)
(/usr/share/texmf/tex/generic/pgf/basiclayer/pgfcoretransparency.code.tex
File: pgfcoretransparency.code.tex 2008/01/17  (rcs-revision 1.2)
)
(/usr/share/texmf/tex/generic/pgf/basiclayer/pgfcorepatterns.code.tex
File: pgfcorepatterns.code.tex 2009/07/02  (rcs-revision 1.3)
)))
(/usr/share/texmf/tex/generic/pgf/modules/pgfmoduleshapes.code.tex
File: pgfmoduleshapes.code.tex 2010/09/09  (rcs-revision 1.13)
\pgfnodeparttextbox=\box32
)
(/usr/share/texmf/tex/generic/pgf/modules/pgfmoduleplot.code.tex
File: pgfmoduleplot.code.tex 2010/10/22  (rcs-revision 1.8)
)
(/usr/share/texmf/tex/latex/pgf/compatibility/pgfcomp-version-0-65.sty
Package: pgfcomp-version-0-65 2007/07/03 v2.10 (rcs-revision 1.7)
\pgf@nodesepstart=\dimen152
\pgf@nodesepend=\dimen153
)
(/usr/share/texmf/tex/latex/pgf/compatibility/pgfcomp-version-1-18.sty
Package: pgfcomp-version-1-18 2007/07/23 v2.10 (rcs-revision 1.1)
))
(/usr/share/texmf/tex/latex/pgf/utilities/pgffor.sty
(/usr/share/texmf/tex/latex/pgf/utilities/pgfkeys.sty
(/usr/share/texmf/tex/generic/pgf/utilities/pgfkeys.code.tex))
(/usr/share/texmf/tex/generic/pgf/utilities/pgffor.code.tex
Package: pgffor 2010/03/23 v2.10 (rcs-revision 1.18)
\pgffor@iter=\dimen154
\pgffor@skip=\dimen155
\pgffor@stack=\toks23
\pgffor@toks=\toks24
))
(/usr/share/texmf/tex/generic/pgf/frontendlayer/tikz/tikz.code.tex
Package: tikz 2010/10/13 v2.10 (rcs-revision 1.76)

(/usr/share/texmf/tex/generic/pgf/libraries/pgflibraryplothandlers.code.tex
File: pgflibraryplothandlers.code.tex 2010/05/31 v2.10 (rcs-revision 1.15)
\pgf@plot@mark@count=\count106
\pgfplotmarksize=\dimen156
)
\tikz@lastx=\dimen157
\tikz@lasty=\dimen158
\tikz@lastxsaved=\dimen159
\tikz@lastysaved=\dimen160
\tikzleveldistance=\dimen161
\tikzsiblingdistance=\dimen162
\tikz@figbox=\box33
\tikz@tempbox=\box34
\tikztreelevel=\count107
\tikznumberofchildren=\count108
\tikznumberofcurrentchild=\count109
\tikz@fig@count=\count110

(/usr/share/texmf/tex/generic/pgf/modules/pgfmodulematrix.code.tex
File: pgfmodulematrix.code.tex 2010/08/24  (rcs-revision 1.4)
\pgfmatrixcurrentrow=\count111
\pgfmatrixcurrentcolumn=\count112
\pgf@matrix@numberofcolumns=\count113
)
\tikz@expandcount=\count114

(/usr/share/texmf/tex/generic/pgf/frontendlayer/tikz/libraries/tikzlibrarytopat
hs.code.tex
File: tikzlibrarytopaths.code.tex 2008/06/17 v2.10 (rcs-revision 1.2)
))) (/usr/share/texlive/texmf-dist/tex/latex/tocbibind/tocbibind.sty
Package: tocbibind 2010/10/13 v1.5k extra ToC listings
Package tocbibind Info: The document has chapter divisions on input line 50.

Package tocbibind Note: Using chapter style headings, unless overridden.

) (/usr/share/texlive/texmf-dist/tex/latex/url/url.sty
\Urlmuskip=\muskip10
Package: url 2013/09/16  ver 3.4  Verb mode for urls, etc.
)
(/usr/share/texlive/texmf-dist/tex/latex/multirow/multirow.sty
\bigstrutjot=\dimen163
)
(/usr/share/texlive/texmf-dist/tex/latex/booktabs/booktabs.sty
Package: booktabs 2005/04/14 v1.61803 publication quality tables
\heavyrulewidth=\dimen164
\lightrulewidth=\dimen165
\cmidrulewidth=\dimen166
\belowrulesep=\dimen167
\belowbottomsep=\dimen168
\aboverulesep=\dimen169
\abovetopsep=\dimen170
\cmidrulesep=\dimen171
\cmidrulekern=\dimen172
\defaultaddspace=\dimen173
\@cmidla=\count115
\@cmidlb=\count116
\@aboverulesep=\dimen174
\@belowrulesep=\dimen175
\@thisruleclass=\count117
\@lastruleclass=\count118
\@thisrulewidth=\dimen176
)
(/usr/share/texlive/texmf-dist/tex/latex/tools/tabularx.sty
Package: tabularx 2014/10/28 v2.10 `tabularx' package (DPC)

(/usr/share/texlive/texmf-dist/tex/latex/tools/array.sty
Package: array 2014/10/28 v2.4c Tabular extension package (FMi)
\col@sep=\dimen177
\extrarowheight=\dimen178
\NC@list=\toks25
\extratabsurround=\skip43
\backup@length=\skip44
)
\TX@col@width=\dimen179
\TX@old@table=\dimen180
\TX@old@col=\dimen181
\TX@target=\dimen182
\TX@delta=\dimen183
\TX@cols=\count119
\TX@ftn=\toks26
)
(/usr/share/texlive/texmf-dist/tex/latex/tools/longtable.sty
Package: longtable 2014/10/28 v4.11 Multi-page Table package (DPC)
\LTleft=\skip45
\LTright=\skip46
\LTpre=\skip47
\LTpost=\skip48
\LTchunksize=\count120
\LTcapwidth=\dimen184
\LT@head=\box35
\LT@firsthead=\box36
\LT@foot=\box37
\LT@lastfoot=\box38
\LT@cols=\count121
\LT@rows=\count122
\c@LT@tables=\count123
\c@LT@chunks=\count124
\LT@p@ftn=\toks27
)
(/usr/share/texlive/texmf-dist/tex/latex/graphics/lscape.sty
Package: lscape 2000/10/22 v3.01 Landscape Pages (DPC)
)
(/usr/share/texlive/texmf-dist/tex/latex/amsfonts/amsfonts.sty
Package: amsfonts 2013/01/14 v3.01 Basic AMSFonts support
\@emptytoks=\toks28
\symAMSa=\mathgroup4
\symAMSb=\mathgroup5
LaTeX Font Info:    Overwriting math alphabet `\mathfrak' in version `bold'
(Font)                  U/euf/m/n --> U/euf/b/n on input line 106.
)
(/usr/share/texlive/texmf-dist/tex/latex/import/import.sty
Package: import 2009/03/23  v 5.1
)
(/usr/share/texlive/texmf-dist/tex/latex/natbib/natbib.sty
Package: natbib 2010/09/13 8.31b (PWD, AO)
\bibhang=\skip49
\bibsep=\skip50
LaTeX Info: Redefining \cite on input line 694.
\c@NAT@ctr=\count125
)
(/usr/share/texlive/texmf-dist/tex/latex/base/inputenc.sty
Package: inputenc 2015/03/17 v1.2c Input encoding file
\inpenc@prehook=\toks29
\inpenc@posthook=\toks30
)
(/usr/share/texlive/texmf-dist/tex/latex/listings/listings.sty
\lst@mode=\count126
\lst@gtempboxa=\box39
\lst@token=\toks31
\lst@length=\count127
\lst@currlwidth=\dimen185
\lst@column=\count128
\lst@pos=\count129
\lst@lostspace=\dimen186
\lst@width=\dimen187
\lst@newlines=\count130
\lst@lineno=\count131
\lst@maxwidth=\dimen188

(/usr/share/texlive/texmf-dist/tex/latex/listings/lstmisc.sty
File: lstmisc.sty 2015/06/04 1.6 (Carsten Heinz)
\c@lstnumber=\count132
\lst@skipnumbers=\count133
\lst@framebox=\box40
)
(/usr/share/texlive/texmf-dist/tex/latex/listings/listings.cfg
File: listings.cfg 2015/06/04 1.6 listings configuration
))
Package: listings 2015/06/04 1.6 (Carsten Heinz)

(/usr/share/texlive/texmf-dist/tex/latex/amsmath/amsmath.sty
Package: amsmath 2016/03/03 v2.15a AMS math features
\@mathmargin=\skip51

For additional information on amsmath, use the `?' option.
(/usr/share/texlive/texmf-dist/tex/latex/amsmath/amstext.sty
Package: amstext 2000/06/29 v2.01 AMS text

(/usr/share/texlive/texmf-dist/tex/latex/amsmath/amsgen.sty
File: amsgen.sty 1999/11/30 v2.0 generic functions
\@emptytoks=\toks32
\ex@=\dimen189
))
(/usr/share/texlive/texmf-dist/tex/latex/amsmath/amsbsy.sty
Package: amsbsy 1999/11/29 v1.2d Bold Symbols
\pmbraise@=\dimen190
)
(/usr/share/texlive/texmf-dist/tex/latex/amsmath/amsopn.sty
Package: amsopn 1999/12/14 v2.01 operator names
)
\inf@bad=\count134
LaTeX Info: Redefining \frac on input line 199.
\uproot@=\count135
\leftroot@=\count136
LaTeX Info: Redefining \overline on input line 297.
\classnum@=\count137
\DOTSCASE@=\count138
LaTeX Info: Redefining \ldots on input line 394.
LaTeX Info: Redefining \dots on input line 397.
LaTeX Info: Redefining \cdots on input line 518.
\Mathstrutbox@=\box41
\strutbox@=\box42
\big@size=\dimen191
LaTeX Font Info:    Redeclaring font encoding OML on input line 630.
LaTeX Font Info:    Redeclaring font encoding OMS on input line 631.
\macc@depth=\count139
\c@MaxMatrixCols=\count140
\dotsspace@=\muskip11
\c@parentequation=\count141
\dspbrk@lvl=\count142
\tag@help=\toks33
\row@=\count143
\column@=\count144
\maxfields@=\count145
\andhelp@=\toks34
\eqnshift@=\dimen192
\alignsep@=\dimen193
\tagshift@=\dimen194
\tagwidth@=\dimen195
\totwidth@=\dimen196
\lineht@=\dimen197
\@envbody=\toks35
\multlinegap=\skip52
\multlinetaggap=\skip53
\mathdisplay@stack=\toks36
LaTeX Info: Redefining \[ on input line 2735.
LaTeX Info: Redefining \] on input line 2736.
)
(/usr/share/texlive/texmf-dist/tex/latex/amsfonts/amssymb.sty
Package: amssymb 2013/01/14 v3.01 AMS font symbols
)
(/usr/share/texlive/texmf-dist/tex/latex/jknapltx/mathrsfs.sty
Package: mathrsfs 1996/01/01 Math RSFS package v1.0 (jk)
\symrsfs=\mathgroup6
)
(/usr/share/texlive/texmf-dist/tex/latex/oberdiek/epstopdf.sty
Package: epstopdf 2010/02/09 v2.5 Conversion with epstopdf on the fly (HO)

(/usr/share/texlive/texmf-dist/tex/latex/oberdiek/epstopdf-base.sty
Package: epstopdf-base 2010/02/09 v2.5 Base part for package epstopdf

(/usr/share/texlive/texmf-dist/tex/latex/oberdiek/grfext.sty
Package: grfext 2010/08/19 v1.1 Manage graphics extensions (HO)

(/usr/share/texlive/texmf-dist/tex/generic/oberdiek/kvdefinekeys.sty
Package: kvdefinekeys 2011/04/07 v1.3 Define keys (HO)
))
(/usr/share/texlive/texmf-dist/tex/latex/oberdiek/kvoptions.sty
Package: kvoptions 2011/06/30 v3.11 Key value format for package options (HO)

(/usr/share/texlive/texmf-dist/tex/generic/oberdiek/kvsetkeys.sty
Package: kvsetkeys 2012/04/25 v1.16 Key value parser (HO)

(/usr/share/texlive/texmf-dist/tex/generic/oberdiek/etexcmds.sty
Package: etexcmds 2011/02/16 v1.5 Avoid name clashes with e-TeX commands (HO)

(/usr/share/texlive/texmf-dist/tex/generic/oberdiek/ifluatex.sty
Package: ifluatex 2010/03/01 v1.3 Provides the ifluatex switch (HO)
Package ifluatex Info: LuaTeX not detected.
)
Package etexcmds Info: Could not find \expanded.
(etexcmds)             That can mean that you are not using pdfTeX 1.50 or
(etexcmds)             that some package has redefined \expanded.
(etexcmds)             In the latter case, load this package earlier.
)))
(/usr/share/texlive/texmf-dist/tex/generic/oberdiek/pdftexcmds.sty
Package: pdftexcmds 2011/11/29 v0.20 Utility functions of pdfTeX for LuaTeX (HO
)
Package pdftexcmds Info: LuaTeX not detected.
Package pdftexcmds Info: \pdf@primitive is available.
Package pdftexcmds Info: \pdf@ifprimitive is available.
Package pdftexcmds Info: \pdfdraftmode found.
)
Package grfext Info: Graphics extension search list:
(grfext)             [.png,.pdf,.jpg,.mps,.jpeg,.jbig2,.jb2,.PNG,.PDF,.JPG,.JPE
G,.JBIG2,.JB2,.eps]
(grfext)             \AppendGraphicsExtensions on input line 452.

(/usr/share/texlive/texmf-dist/tex/latex/latexconfig/epstopdf-sys.cfg
File: epstopdf-sys.cfg 2010/07/13 v1.3 Configuration of (r)epstopdf for TeX Liv
e
)))
(/usr/share/texlive/texmf-dist/tex/latex/nomencl/nomencl.sty
Package: nomencl 2005/09/22 v4.2 Nomenclature package (LN)
\nomlabelwidth=\dimen198
\nom@tempdim=\dimen199
\nomitemsep=\skip54
)
\@nomenclaturefile=\write4
\openout4 = `Dissertation.nlo'.


Writing nomenclature file Dissertation.nlo
(/usr/share/texlive/texmf-dist/tex/latex/hyperref/hyperref.sty
Package: hyperref 2012/11/06 v6.83m Hypertext links for LaTeX

(/usr/share/texlive/texmf-dist/tex/generic/oberdiek/hobsub-hyperref.sty
Package: hobsub-hyperref 2012/05/28 v1.13 Bundle oberdiek, subset hyperref (HO)


(/usr/share/texlive/texmf-dist/tex/generic/oberdiek/hobsub-generic.sty
Package: hobsub-generic 2012/05/28 v1.13 Bundle oberdiek, subset generic (HO)
Package: hobsub 2012/05/28 v1.13 Construct package bundles (HO)
Package hobsub Info: Skipping package `infwarerr' (already loaded).
Package hobsub Info: Skipping package `ltxcmds' (already loaded).
Package hobsub Info: Skipping package `ifluatex' (already loaded).
Package hobsub Info: Skipping package `ifvtex' (already loaded).
Package: intcalc 2007/09/27 v1.1 Expandable calculations with integers (HO)
Package hobsub Info: Skipping package `ifpdf' (already loaded).
Package hobsub Info: Skipping package `etexcmds' (already loaded).
Package hobsub Info: Skipping package `kvsetkeys' (already loaded).
Package hobsub Info: Skipping package `kvdefinekeys' (already loaded).
Package hobsub Info: Skipping package `pdftexcmds' (already loaded).
Package: pdfescape 2011/11/25 v1.13 Implements pdfTeX's escape features (HO)
Package: bigintcalc 2012/04/08 v1.3 Expandable calculations on big integers (HO
)
Package: bitset 2011/01/30 v1.1 Handle bit-vector datatype (HO)
Package: uniquecounter 2011/01/30 v1.2 Provide unlimited unique counter (HO)
)
Package hobsub Info: Skipping package `hobsub' (already loaded).
Package: letltxmacro 2010/09/02 v1.4 Let assignment for LaTeX macros (HO)
Package: hopatch 2012/05/28 v1.2 Wrapper for package hooks (HO)
Package: xcolor-patch 2011/01/30 xcolor patch
Package: atveryend 2011/06/30 v1.8 Hooks at the very end of document (HO)
Package atveryend Info: \enddocument detected (standard20110627).
Package: atbegshi 2011/10/05 v1.16 At begin shipout hook (HO)
Package: refcount 2011/10/16 v3.4 Data extraction from label references (HO)
Package: hycolor 2011/01/30 v1.7 Color options for hyperref/bookmark (HO)
)
(/usr/share/texlive/texmf-dist/tex/latex/oberdiek/auxhook.sty
Package: auxhook 2011/03/04 v1.3 Hooks for auxiliary files (HO)
)
\@linkdim=\dimen256
\Hy@linkcounter=\count146
\Hy@pagecounter=\count147

(/usr/share/texlive/texmf-dist/tex/latex/hyperref/pd1enc.def
File: pd1enc.def 2012/11/06 v6.83m Hyperref: PDFDocEncoding definition (HO)
)
\Hy@SavedSpaceFactor=\count148

(/usr/share/texlive/texmf-dist/tex/latex/latexconfig/hyperref.cfg
File: hyperref.cfg 2002/06/06 v1.2 hyperref configuration of TeXLive
)
Package hyperref Info: Hyper figures OFF on input line 4443.
Package hyperref Info: Link nesting OFF on input line 4448.
Package hyperref Info: Hyper index ON on input line 4451.
Package hyperref Info: Plain pages OFF on input line 4458.
Package hyperref Info: Backreferencing OFF on input line 4463.
Package hyperref Info: Implicit mode ON; LaTeX internals redefined.
Package hyperref Info: Bookmarks ON on input line 4688.
\c@Hy@tempcnt=\count149
LaTeX Info: Redefining \url on input line 5041.
\XeTeXLinkMargin=\dimen257
\Fld@menulength=\count150
\Field@Width=\dimen258
\Fld@charsize=\dimen259
Package hyperref Info: Hyper figures OFF on input line 6295.
Package hyperref Info: Link nesting OFF on input line 6300.
Package hyperref Info: Hyper index ON on input line 6303.
Package hyperref Info: backreferencing OFF on input line 6310.
Package hyperref Info: Link coloring OFF on input line 6315.
Package hyperref Info: Link coloring with OCG OFF on input line 6320.
Package hyperref Info: PDF/A mode OFF on input line 6325.
LaTeX Info: Redefining \ref on input line 6365.
LaTeX Info: Redefining \pageref on input line 6369.
\Hy@abspage=\count151
\c@Item=\count152
\c@Hfootnote=\count153
)

Package hyperref Message: Driver (autodetected): hpdftex.

(/usr/share/texlive/texmf-dist/tex/latex/hyperref/hpdftex.def
File: hpdftex.def 2012/11/06 v6.83m Hyperref driver for pdfTeX
\Fld@listcount=\count154
\c@bookmark@seq@number=\count155

(/usr/share/texlive/texmf-dist/tex/latex/oberdiek/rerunfilecheck.sty
Package: rerunfilecheck 2011/04/15 v1.7 Rerun checks for auxiliary files (HO)
Package uniquecounter Info: New unique counter `rerunfilecheck' on input line 2
82.
)
\Hy@SectionHShift=\skip55
)
(/usr/share/texlive/texmf-dist/tex/latex/etoolbox/etoolbox.sty
Package: etoolbox 2015/08/02 v2.2a e-TeX tools for LaTeX (JAW)
\etb@tempcnta=\count156
)
(./Dissertation.aux (./Title_page.aux) (./Copyright_page.aux)
(./Approval_page.aux) (./Abstract.aux) (./Acknowledgments.aux))
\openout1 = `Dissertation.aux'.

LaTeX Font Info:    Checking defaults for OML/cmm/m/it on input line 81.
LaTeX Font Info:    ... okay on input line 81.
LaTeX Font Info:    Checking defaults for T1/cmr/m/n on input line 81.
LaTeX Font Info:    ... okay on input line 81.
LaTeX Font Info:    Checking defaults for OT1/cmr/m/n on input line 81.
LaTeX Font Info:    ... okay on input line 81.
LaTeX Font Info:    Checking defaults for OMS/cmsy/m/n on input line 81.
LaTeX Font Info:    ... okay on input line 81.
LaTeX Font Info:    Checking defaults for OMX/cmex/m/n on input line 81.
LaTeX Font Info:    ... okay on input line 81.
LaTeX Font Info:    Checking defaults for U/cmr/m/n on input line 81.
LaTeX Font Info:    ... okay on input line 81.
LaTeX Font Info:    Checking defaults for PD1/pdf/m/n on input line 81.
LaTeX Font Info:    ... okay on input line 81.

*geometry* driver: auto-detecting
*geometry* detected driver: pdftex
*geometry* verbose mode - [ preamble ] result:
* driver: pdftex
* paper: letterpaper
* layout: <same size as paper>
* layoutoffset:(h,v)=(0.0pt,0.0pt)
* modes: includehead 
* h-part:(L,W,R)=(72.26999pt, 469.75502pt, 72.26999pt)
* v-part:(T,H,B)=(72.26999pt, 650.43001pt, 72.26999pt)
* \paperwidth=614.295pt
* \paperheight=794.96999pt
* \textwidth=469.75502pt
* \textheight=618.55621pt
* \oddsidemargin=0.0pt
* \evensidemargin=0.0pt
* \topmargin=0.0pt
* \headheight=12.0pt
* \headsep=19.8738pt
* \topskip=12.0pt
* \footskip=18.06749pt
* \marginparwidth=47.0pt
* \marginparsep=7.0pt
* \columnsep=10.0pt
* \skip\footins=10.8pt plus 4.0pt minus 2.0pt
* \hoffset=0.0pt
* \voffset=0.0pt
* \mag=1000
* \@twocolumnfalse
* \@twosidefalse
* \@mparswitchfalse
* \@reversemarginfalse
* (1in=72.27pt=25.4mm, 1cm=28.453pt)

Package caption Info: Begin \AtBeginDocument code.
Package caption Info: hyperref package is loaded.
Package caption Info: listings package is loaded.
Package caption Info: longtable package is loaded.
(/usr/share/texlive/texmf-dist/tex/latex/caption/ltcaption.sty
Package: ltcaption 2013/06/09 v1.4-94 longtable captions (AR)
)
Package caption Info: End \AtBeginDocument code.

ABD: EveryShipout initializing macros
(/usr/share/texlive/texmf-dist/tex/context/base/supp-pdf.mkii
[Loading MPS to PDF converter (version 2006.09.02).]
\scratchcounter=\count157
\scratchdimen=\dimen260
\scratchbox=\box43
\nofMPsegments=\count158
\nofMParguments=\count159
\everyMPshowfont=\toks37
\MPscratchCnt=\count160
\MPscratchDim=\dimen261
\MPnumerator=\count161
\makeMPintoPDFobject=\count162
\everyMPtoPDFconversion=\toks38
)
\c@lstlisting=\count163
\AtBeginShipoutBox=\box44
Package hyperref Info: Link coloring OFF on input line 81.
 (/usr/share/texlive/texmf-dist/tex/latex/hyperref/nameref.sty
Package: nameref 2012/10/27 v2.43 Cross-referencing by name of section

(/usr/share/texlive/texmf-dist/tex/generic/oberdiek/gettitlestring.sty
Package: gettitlestring 2010/12/03 v1.4 Cleanup title references (HO)
)
\c@section@level=\count164
)
LaTeX Info: Redefining \ref on input line 81.
LaTeX Info: Redefining \pageref on input line 81.
LaTeX Info: Redefining \nameref on input line 81.

(./Dissertation.out) (./Dissertation.out)
\@outlinefile=\write5
\openout5 = `Dissertation.out'.

\openout2 = `Title_page.aux'.

 (./Title_page.tex [1




{/var/lib/texmf/fonts/map/pdftex/updmap/pdftex.map}])
\openout2 = `Copyright_page.aux'.

 (./Copyright_page.tex
LaTeX Font Info:    Try loading font information for OMS+cmr on input line 3.

(/usr/share/texlive/texmf-dist/tex/latex/base/omscmr.fd
File: omscmr.fd 2014/09/29 v2.5h Standard LaTeX font definitions
)
LaTeX Font Info:    Font shape `OMS/cmr/m/n' in size <12> not available
(Font)              Font shape `OMS/cmsy/m/n' tried instead on input line 3.
) [2


]
\openout2 = `Approval_page.aux'.


(./Approval_page.tex
LaTeX Font Info:    Try loading font information for U+msa on input line 12.
 (/usr/share/texlive/texmf-dist/tex/latex/amsfonts/umsa.fd
File: umsa.fd 2013/01/14 v3.01 AMS symbols A
)
LaTeX Font Info:    Try loading font information for U+msb on input line 12.
(/usr/share/texlive/texmf-dist/tex/latex/amsfonts/umsb.fd
File: umsb.fd 2013/01/14 v3.01 AMS symbols B
)
LaTeX Font Info:    Try loading font information for U+rsfs on input line 12.

(/usr/share/texlive/texmf-dist/tex/latex/jknapltx/ursfs.fd
File: ursfs.fd 1998/03/24 rsfs font definition file (jk)
)) [3


]
\openout2 = `Abstract.aux'.


(./Abstract.tex [4


]) [5] [6


]
\openout2 = `Acknowledgments.aux'.

 (./Acknowledgments.tex (./Dissertation.bbl)
[7


])
Overfull \hbox (5.44562pt too wide) in paragraph at lines 23--98
\OT1/cmr/m/n/12 Ro-bust-ness and spa-tial mul-ti-plex-ing via diffrac-tal ar-ch
i-tec-tures.  \OT1/cmr/m/it/12 Op-tics Ex-press\OT1/cmr/m/n/12 , 23(22):28471--

 []

[8] (./Dissertation.toc
Overfull \hbox (9.45436pt too wide) in paragraph at lines 13--13
 [] [][]\OT1/cmr/bx/n/12 Ultra-low-intensity magneto-optical and me-chan-i-cal 
ef-fects in metal nanocol- 
 []

[9


] [10] [11])
\tf@toc=\write6
\openout6 = `Dissertation.toc'.

 [12] (./Dissertation.lof
Overfull \hbox (173.5379pt too wide) in paragraph at lines 3--3
 [][] [][]\OT1/cmr/m/n/12 Surface plas-mon po-lari-ton at a dielectric-metal in
-ter-face. https://sites.google.com/site/caltechhowardlee/Research[] [][]  
 []

[13

] [14] [15] [16]
Overfull \hbox (16.28584pt too wide) in paragraph at lines 26--26
 [][] [][]\OT1/cmr/m/n/12 Spin curve for ZEP-520A. Im-age: https://ebeam.mff.uw
.edu/ebeamweb/process/ 
 []

)
\tf@lof=\write7
\openout7 = `Dissertation.lof'.

 [17] (./Dissertation.nls [18] [19

] [20] [21] [22] [23] [24] [25]) [26]
Chapter 1.
(./Introduction.tex [1


] [2] [3]
Missing character: There is no â in font cmr12!
Missing character: There is no € in font cmr12!
Missing character: There is no “ in font cmr12!
 [4] [5] [6]
<dispRelation.pdf, id=718, 489.83pt x 398.1525pt>
File: dispRelation.pdf Graphic file (type pdf)
 <use dispRelation.pdf>
Package pdftex.def Info: dispRelation.pdf used on input line 99.
(pdftex.def)             Requested size: 352.31625pt x 286.38403pt.

[7] [8 <./dispRelation.pdf>] [9] <SPP.png, id=796, 401.5pt x 191.71625pt>
File: SPP.png Graphic file (type png)

<use SPP.png>
Package pdftex.def Info: SPP.png used on input line 183.
(pdftex.def)             Requested size: 446.26582pt x 213.10593pt.

Underfull \hbox (badness 10000) in paragraph at lines 184--184
[]\OT1/cmr/m/n/12 Figure 1.2: |Sur-face plas-mon po-lari-ton at a dielectric-me
tal in-ter-face.
 []

[10] [11 <./SPP.png>] [12] [13]) [14]
Chapter 2.
(./Ch1_NLNP.tex [15


] [16] [17]
<dnk_mT.pdf, id=991, 1062.84076pt x 570.62483pt>
File: dnk_mT.pdf Graphic file (type pdf)
 <use dnk_mT.pdf>
Package pdftex.def Info: dnk_mT.pdf used on input line 16.
(pdftex.def)             Requested size: 469.75502pt x 252.20761pt.
 [18] [19 <./dnk_mT.pdf>] [20] <SigandJPhi8.pdf, id=1046, 946.11769pt x 1011.33
835pt>
File: SigandJPhi8.pdf Graphic file (type pdf)

<use SigandJPhi8.pdf>
Package pdftex.def Info: SigandJPhi8.pdf used on input line 43.
(pdftex.def)             Requested size: 446.26582pt x 477.0266pt.
 <ExExpB11.pdf, id=1049, 306.17285pt x 433.47046pt>
File: ExExpB11.pdf Graphic file (type pdf)

<use ExExpB11.pdf>
Package pdftex.def Info: ExExpB11.pdf used on input line 55.
(pdftex.def)             Requested size: 415.0861pt x 587.62651pt.
 [21] [22 <./SigandJPhi8.pdf>] [23] [24 <./ExExpB11.pdf>]
<EzMz.pdf, id=1163, 1136.52608pt x 389.87558pt>
File: EzMz.pdf Graphic file (type pdf)
 <use EzMz.pdf>
Package pdftex.def Info: EzMz.pdf used on input line 72.
(pdftex.def)             Requested size: 446.26582pt x 153.08598pt.
 [25]
<MagPlots.pdf, id=1177, 1751.30286pt x 627.2464pt>
File: MagPlots.pdf Graphic file (type pdf)
 <use MagPlots.pdf>
Package pdftex.def Info: MagPlots.pdf used on input line 85.
(pdftex.def)             Requested size: 446.26582pt x 159.83565pt.
 [26 <./EzMz.pdf>] [27 <./MagPlots.pdf>] [28]) [29]
Chapter 3.
(./Ch2_chiral-hybrid-modes.tex [30


] [31] [32] [33]
<SetupPicMatt.pdf, id=1884, 1422.20335pt x 867.24pt>
File: SetupPicMatt.pdf Graphic file (type pdf)
 <use SetupPicMatt.pdf>
Package pdftex.def Info: SetupPicMatt.pdf used on input line 18.
(pdftex.def)             Requested size: 446.26582pt x 272.12341pt.

[34 <./SetupPicMatt.pdf>] [35] [36]
<ScattAbsorptionF_zT_z.pdf, id=2022, 1352.10149pt x 875.27pt>
File: ScattAbsorptionF_zT_z.pdf Graphic file (type pdf)

<use ScattAbsorptionF_zT_z.pdf>
Package pdftex.def Info: ScattAbsorptionF_zT_z.pdf used on input line 68.
(pdftex.def)             Requested size: 469.75502pt x 304.09201pt.
 [37] [38 <./ScattAbsorptionF_zT_z.pdf>]
<fig4.pdf, id=2079, 722.7pt x 542.025pt>
File: fig4.pdf Graphic file (type pdf)
 <use fig4.pdf>
Package pdftex.def Info: fig4.pdf used on input line 84.
(pdftex.def)             Requested size: 469.75502pt x 352.32034pt.
 [39] [40 <./fig4.pdf>]
<AllF.png, id=2107, 2432.1264pt x 764.1348pt>
File: AllF.png Graphic file (type png)
 <use AllF.png>
Package pdftex.def Info: AllF.png used on input line 93.
(pdftex.def)             Requested size: 469.75502pt x 147.58902pt.
 [41]
<CPLComp.pdf, id=2117, 829.0975pt x 334.61913pt>
File: CPLComp.pdf Graphic file (type pdf)
 <use CPLComp.pdf>
Package pdftex.def Info: CPLComp.pdf used on input line 100.
(pdftex.def)             Requested size: 469.75502pt x 189.58606pt.
 [42 <./AllF.png (PNG copy)>] [43 <./CPLComp.pdf>]
<TNMT.pdf, id=2150, 2789.78271pt x 832.10875pt>
File: TNMT.pdf Graphic file (type pdf)
 <use TNMT.pdf>
Package pdftex.def Info: TNMT.pdf used on input line 120.
(pdftex.def)             Requested size: 469.75502pt x 140.11073pt.
 [44 <./TNMT.pdf>] <Rotational_Torque_1071nm.pdf, id=2193, 828.84956pt x 720.40
945pt>
File: Rotational_Torque_1071nm.pdf Graphic file (type pdf)

<use Rotational_Torque_1071nm.pdf>
Package pdftex.def Info: Rotational_Torque_1071nm.pdf used on input line 137.
(pdftex.def)             Requested size: 469.75502pt x 408.29623pt.
 [45] [46 <./Rotational_Torque_1071nm.pdf>]
[47]) [48] [49]
Chapter 4.
(./Ch4_metasurface.tex [50


] [51] [52]
Package epstopdf Info: Source file: <springs_image11.eps>
(epstopdf)                    date: 2016-11-28 17:28:49
(epstopdf)                    size: 7702266 bytes
(epstopdf)             Output file: <springs_image11-eps-converted-to.pdf>
(epstopdf)                    date: 2016-11-28 17:32:57
(epstopdf)                    size: 409595 bytes
(epstopdf)             Command: <repstopdf --outfile=springs_image11-eps-conver
ted-to.pdf springs_image11.eps>
(epstopdf)             \includegraphics on input line 19.
Package epstopdf Info: Output file is already uptodate.

<springs_image11-eps-converted-to.pdf, id=2382, 1893.0725pt x 1146.2825pt>
File: springs_image11-eps-converted-to.pdf Graphic file (type pdf)

<use springs_image11-eps-converted-to.pdf>
Package pdftex.def Info: springs_image11-eps-converted-to.pdf used on input lin
e 19.
(pdftex.def)             Requested size: 469.75502pt x 284.43604pt.
 [53]
<ScriptR.pdf, id=2394, 401.5pt x 200.75pt>
File: ScriptR.pdf Graphic file (type pdf)
 <use ScriptR.pdf>
Package pdftex.def Info: ScriptR.pdf used on input line 27.
(pdftex.def)             Requested size: 401.49901pt x 200.7495pt.
File: ScriptR.pdf Graphic file (type pdf)
 <use ScriptR.pdf>
Package pdftex.def Info: ScriptR.pdf used on input line 27.
(pdftex.def)             Requested size: 401.49901pt x 200.7495pt.
File: ScriptR.pdf Graphic file (type pdf)

<use ScriptR.pdf>
Package pdftex.def Info: ScriptR.pdf used on input line 27.
(pdftex.def)             Requested size: 401.49901pt x 200.7495pt.
File: ScriptR.pdf Graphic file (type pdf)
 <use ScriptR.pdf>
Package pdftex.def Info: ScriptR.pdf used on input line 27.
(pdftex.def)             Requested size: 401.49901pt x 200.7495pt.
File: ScriptR.pdf Graphic file (type pdf)
 <use ScriptR.pdf>
Package pdftex.def Info: ScriptR.pdf used on input line 27.
(pdftex.def)             Requested size: 401.49901pt x 200.7495pt.
File: ScriptR.pdf Graphic file (type pdf)
 <use ScriptR.pdf>
Package pdftex.def Info: ScriptR.pdf used on input line 27.
(pdftex.def)             Requested size: 401.49901pt x 200.7495pt.
File: ScriptR.pdf Graphic file (type pdf)

<use ScriptR.pdf>
Package pdftex.def Info: ScriptR.pdf used on input line 27.
(pdftex.def)             Requested size: 401.49901pt x 200.7495pt.
File: ScriptR.pdf Graphic file (type pdf)
 <use ScriptR.pdf>
Package pdftex.def Info: ScriptR.pdf used on input line 27.
(pdftex.def)             Requested size: 401.49901pt x 200.7495pt.
File: ScriptR.pdf Graphic file (type pdf)
 <use ScriptR.pdf>
Package pdftex.def Info: ScriptR.pdf used on input line 27.
(pdftex.def)             Requested size: 401.49901pt x 200.7495pt.
File: ScriptR.pdf Graphic file (type pdf)
 <use ScriptR.pdf>
Package pdftex.def Info: ScriptR.pdf used on input line 27.
(pdftex.def)             Requested size: 401.49901pt x 200.7495pt.
File: ScriptR.pdf Graphic file (type pdf)

<use ScriptR.pdf>
Package pdftex.def Info: ScriptR.pdf used on input line 30.
(pdftex.def)             Requested size: 401.49901pt x 200.7495pt.
File: ScriptR.pdf Graphic file (type pdf)
 <use ScriptR.pdf>
Package pdftex.def Info: ScriptR.pdf used on input line 30.
(pdftex.def)             Requested size: 401.49901pt x 200.7495pt.
 [54 <./ScriptR.pdf> <./springs_image11-eps-converted-to.pdf>]
File: ScriptR.pdf Graphic file (type pdf)
 <use ScriptR.pdf>
Package pdftex.def Info: ScriptR.pdf used on input line 32.
(pdftex.def)             Requested size: 401.49901pt x 200.7495pt.
File: ScriptR.pdf Graphic file (type pdf)
 <use ScriptR.pdf>
Package pdftex.def Info: ScriptR.pdf used on input line 32.
(pdftex.def)             Requested size: 401.49901pt x 200.7495pt.
 [55]
<chirality_proof.pdf, id=2494, 614.295pt x 794.97pt>
File: chirality_proof.pdf Graphic file (type pdf)
 <use chirality_proof.pdf>
Package pdftex.def Info: chirality_proof.pdf used on input line 43.
(pdftex.def)             Requested size: 422.77664pt x 547.12279pt.

[56]

LaTeX Warning: Text page 57 contains only floats.

[57 <./chirality_proof.pdf>]
File: ScriptR.pdf Graphic file (type pdf)
 <use ScriptR.pdf>
Package pdftex.def Info: ScriptR.pdf used on input line 60.
(pdftex.def)             Requested size: 401.49901pt x 200.7495pt.
File: ScriptR.pdf Graphic file (type pdf)
 <use ScriptR.pdf>
Package pdftex.def Info: ScriptR.pdf used on input line 60.
(pdftex.def)             Requested size: 401.49901pt x 200.7495pt.
File: ScriptR.pdf Graphic file (type pdf)

<use ScriptR.pdf>
Package pdftex.def Info: ScriptR.pdf used on input line 60.
(pdftex.def)             Requested size: 401.49901pt x 200.7495pt.
File: ScriptR.pdf Graphic file (type pdf)
 <use ScriptR.pdf>
Package pdftex.def Info: ScriptR.pdf used on input line 60.
(pdftex.def)             Requested size: 401.49901pt x 200.7495pt.
File: ScriptR.pdf Graphic file (type pdf)
 <use ScriptR.pdf>
Package pdftex.def Info: ScriptR.pdf used on input line 60.
(pdftex.def)             Requested size: 401.49901pt x 200.7495pt.
File: ScriptR.pdf Graphic file (type pdf)
 <use ScriptR.pdf>
Package pdftex.def Info: ScriptR.pdf used on input line 60.
(pdftex.def)             Requested size: 401.49901pt x 200.7495pt.
File: ScriptR.pdf Graphic file (type pdf)

<use ScriptR.pdf>
Package pdftex.def Info: ScriptR.pdf used on input line 60.
(pdftex.def)             Requested size: 401.49901pt x 200.7495pt.
File: ScriptR.pdf Graphic file (type pdf)
 <use ScriptR.pdf>
Package pdftex.def Info: ScriptR.pdf used on input line 60.
(pdftex.def)             Requested size: 401.49901pt x 200.7495pt.
File: ScriptR.pdf Graphic file (type pdf)
 <use ScriptR.pdf>
Package pdftex.def Info: ScriptR.pdf used on input line 60.
(pdftex.def)             Requested size: 401.49901pt x 200.7495pt.
File: ScriptR.pdf Graphic file (type pdf)
 <use ScriptR.pdf>
Package pdftex.def Info: ScriptR.pdf used on input line 60.
(pdftex.def)             Requested size: 401.49901pt x 200.7495pt.
File: ScriptR.pdf Graphic file (type pdf)

<use ScriptR.pdf>
Package pdftex.def Info: ScriptR.pdf used on input line 60.
(pdftex.def)             Requested size: 401.49901pt x 200.7495pt.
File: ScriptR.pdf Graphic file (type pdf)
 <use ScriptR.pdf>
Package pdftex.def Info: ScriptR.pdf used on input line 60.
(pdftex.def)             Requested size: 401.49901pt x 200.7495pt.
File: ScriptR.pdf Graphic file (type pdf)
 <use ScriptR.pdf>
Package pdftex.def Info: ScriptR.pdf used on input line 60.
(pdftex.def)             Requested size: 401.49901pt x 200.7495pt.
File: ScriptR.pdf Graphic file (type pdf)
 <use ScriptR.pdf>
Package pdftex.def Info: ScriptR.pdf used on input line 60.
(pdftex.def)             Requested size: 401.49901pt x 200.7495pt.
File: ScriptR.pdf Graphic file (type pdf)

<use ScriptR.pdf>
Package pdftex.def Info: ScriptR.pdf used on input line 60.
(pdftex.def)             Requested size: 401.49901pt x 200.7495pt.
File: ScriptR.pdf Graphic file (type pdf)
 <use ScriptR.pdf>
Package pdftex.def Info: ScriptR.pdf used on input line 60.
(pdftex.def)             Requested size: 401.49901pt x 200.7495pt.
File: ScriptR.pdf Graphic file (type pdf)
 <use ScriptR.pdf>
Package pdftex.def Info: ScriptR.pdf used on input line 60.
(pdftex.def)             Requested size: 401.49901pt x 200.7495pt.
File: ScriptR.pdf Graphic file (type pdf)
 <use ScriptR.pdf>
Package pdftex.def Info: ScriptR.pdf used on input line 60.
(pdftex.def)             Requested size: 401.49901pt x 200.7495pt.
File: ScriptR.pdf Graphic file (type pdf)

<use ScriptR.pdf>
Package pdftex.def Info: ScriptR.pdf used on input line 60.
(pdftex.def)             Requested size: 401.49901pt x 200.7495pt.
File: ScriptR.pdf Graphic file (type pdf)
 <use ScriptR.pdf>
Package pdftex.def Info: ScriptR.pdf used on input line 60.
(pdftex.def)             Requested size: 401.49901pt x 200.7495pt.
File: ScriptR.pdf Graphic file (type pdf)
 <use ScriptR.pdf>
Package pdftex.def Info: ScriptR.pdf used on input line 60.
(pdftex.def)             Requested size: 401.49901pt x 200.7495pt.
File: ScriptR.pdf Graphic file (type pdf)
 <use ScriptR.pdf>
Package pdftex.def Info: ScriptR.pdf used on input line 60.
(pdftex.def)             Requested size: 401.49901pt x 200.7495pt.
File: ScriptR.pdf Graphic file (type pdf)

<use ScriptR.pdf>
Package pdftex.def Info: ScriptR.pdf used on input line 60.
(pdftex.def)             Requested size: 401.49901pt x 200.7495pt.
File: ScriptR.pdf Graphic file (type pdf)
 <use ScriptR.pdf>
Package pdftex.def Info: ScriptR.pdf used on input line 60.
(pdftex.def)             Requested size: 401.49901pt x 200.7495pt.
 [58] [59]
Package epstopdf Info: Source file: <figure_439_wRoltLin13_wSEM.eps>
(epstopdf)                    date: 2016-11-29 12:03:18
(epstopdf)                    size: 28393206 bytes
(epstopdf)             Output file: <figure_439_wRoltLin13_wSEM-eps-converted-t
o.pdf>
(epstopdf)                    date: 2016-11-29 12:13:38
(epstopdf)                    size: 2898107 bytes
(epstopdf)             Command: <repstopdf --outfile=figure_439_wRoltLin13_wSEM
-eps-converted-to.pdf figure_439_wRoltLin13_wSEM.eps>
(epstopdf)             \includegraphics on input line 108.
Package epstopdf Info: Output file is already uptodate.

<figure_439_wRoltLin13_wSEM-eps-converted-to.pdf, id=2588, 1520.68124pt x 1193.
45876pt>
File: figure_439_wRoltLin13_wSEM-eps-converted-to.pdf Graphic file (type pdf)
 <use figure_439_wRoltLin13_wSEM-eps-converted-to.pdf>
Package pdftex.def Info: figure_439_wRoltLin13_wSEM-eps-converted-to.pdf used o
n input line 108.
(pdftex.def)             Requested size: 469.75502pt x 368.67543pt.
Package epstopdf Info: Source file: <exp-OR-CD_varyPol4.eps>
(epstopdf)                    date: 2016-11-28 17:28:41
(epstopdf)                    size: 2539894 bytes
(epstopdf)             Output file: <exp-OR-CD_varyPol4-eps-converted-to.pdf>
(epstopdf)                    date: 2016-11-28 17:33:21
(epstopdf)                    size: 32703 bytes
(epstopdf)             Command: <repstopdf --outfile=exp-OR-CD_varyPol4-eps-con
verted-to.pdf exp-OR-CD_varyPol4.eps>
(epstopdf)             \includegraphics on input line 115.
Package epstopdf Info: Output file is already uptodate.

<exp-OR-CD_varyPol4-eps-converted-to.pdf, id=2591, 1436.36626pt x 624.3325pt>
File: exp-OR-CD_varyPol4-eps-converted-to.pdf Graphic file (type pdf)

<use exp-OR-CD_varyPol4-eps-converted-to.pdf>
Package pdftex.def Info: exp-OR-CD_varyPol4-eps-converted-to.pdf used on input 
line 115.
(pdftex.def)             Requested size: 469.75502pt x 204.1822pt.
 [60] [61 <./figure_439_wRoltLin13_wSEM-eps-converted-to.pdf>] [62 <./exp-OR-CD
_varyPol4-eps-converted-to.pdf>]
[63] <fig-eigPols-eps-converted-to.pdf, id=2659, 1288.815pt x 477.785pt>
File: fig-eigPols-eps-converted-to.pdf Graphic file (type pdf)

<use fig-eigPols-eps-converted-to.pdf>
Package pdftex.def Info: fig-eigPols-eps-converted-to.pdf used on input line 14
1.
(pdftex.def)             Requested size: 469.75502pt x 174.14584pt.

Overfull \hbox (17.86491pt too wide) in paragraph at lines 146--147
\OT1/cmr/m/n/12 The meta-sur-face is in-ter-ro-gated with a con-tin-uum of po-l
ar-iza-tion states and ob-serve polarization-
 []

[64 <./fig-eigPols-eps-converted-to.pdf>] [65] [66]
<ApertureRodDesign.pdf, id=2714, 614.295pt x 617.30624pt>
File: ApertureRodDesign.pdf Graphic file (type pdf)

<use ApertureRodDesign.pdf>
Package pdftex.def Info: ApertureRodDesign.pdf used on input line 175.
(pdftex.def)             Requested size: 352.31625pt x 354.04408pt.


LaTeX Warning: `!h' float specifier changed to `!ht'.

[67] [68 <./ApertureRodDesign.pdf>]
<ZEP520a_spincurve.png, id=2750, 837.1275pt x 650.43pt>
File: ZEP520a_spincurve.png Graphic file (type png)

<use ZEP520a_spincurve.png>
Package pdftex.def Info: ZEP520a_spincurve.png used on input line 188.
(pdftex.def)             Requested size: 352.31625pt x 273.73451pt.
 [69 <./ZEP520a_spincurve.png>]
Underfull \hbox (badness 10000) in paragraph at lines 208--209

 []

[70]

LaTeX Warning: Command \r invalid in math mode on input line 212.


LaTeX Warning: Command \r invalid in math mode on input line 220.


LaTeX Warning: Command \r invalid in math mode on input line 220.

<NanoApertureRecipeRods.pdf, id=2770, 941.90598pt x 642.4pt>
File: NanoApertureRecipeRods.pdf Graphic file (type pdf)

<use NanoApertureRecipeRods.pdf>
Package pdftex.def Info: NanoApertureRecipeRods.pdf used on input line 223.
(pdftex.def)             Requested size: 422.77664pt x 288.34216pt.
 [71] [72 <./NanoApertureRecipeRods.pdf>]
Package epstopdf Info: Source file: <bothSchem.eps>
(epstopdf)                    date: 2016-11-28 17:28:00
(epstopdf)                    size: 6770870 bytes
(epstopdf)             Output file: <bothSchem-eps-converted-to.pdf>
(epstopdf)                    date: 2016-11-28 17:33:30
(epstopdf)                    size: 550415 bytes
(epstopdf)             Command: <repstopdf --outfile=bothSchem-eps-converted-to
.pdf bothSchem.eps>
(epstopdf)             \includegraphics on input line 234.
Package epstopdf Info: Output file is already uptodate.

<bothSchem-eps-converted-to.pdf, id=3035, 1032.85875pt x 720.6925pt>
File: bothSchem-eps-converted-to.pdf Graphic file (type pdf)

<use bothSchem-eps-converted-to.pdf>
Package pdftex.def Info: bothSchem-eps-converted-to.pdf used on input line 234.

(pdftex.def)             Requested size: 328.82707pt x 229.43864pt.
 [73 <./bothSchem-eps-converted-to.pdf>]
[74]) [75]
Chapter 5.
(./Ch3_diffractal2.tex [76


] [77] [78] [79]
<AnalyticalHolgramReconstruction.pdf, id=3264, 1423.79929pt x 721.3821pt>
File: AnalyticalHolgramReconstruction.pdf Graphic file (type pdf)

<use AnalyticalHolgramReconstruction.pdf>
Package pdftex.def Info: AnalyticalHolgramReconstruction.pdf used on input line
 80.
(pdftex.def)             Requested size: 469.75502pt x 238.00179pt.
 [80 <./AnalyticalHolgramReconstruction.pdf>] [81] <psnr_good_eb2.pdf, id=4787,
 502.87775pt x 507.8975pt>
File: psnr_good_eb2.pdf Graphic file (type pdf)

<use psnr_good_eb2.pdf>
Package pdftex.def Info: psnr_good_eb2.pdf used on input line 113.
(pdftex.def)             Requested size: 328.82707pt x 332.10568pt.
 [82 <./psnr_good_eb2.pdf>] [83]
<ExpMethod.pdf, id=4826, 1398.1033pt x 673.51625pt>
File: ExpMethod.pdf Graphic file (type pdf)
 <use ExpMethod.pdf>
Package pdftex.def Info: ExpMethod.pdf used on input line 133.
(pdftex.def)             Requested size: 469.75502pt x 226.28964pt.

[84 <./ExpMethod.pdf>] [85]
<Multiplexing2.pdf, id=5115, 2550.52875pt x 702.2054pt>
File: Multiplexing2.pdf Graphic file (type pdf)

<use Multiplexing2.pdf>
Package pdftex.def Info: Multiplexing2.pdf used on input line 151.
(pdftex.def)             Requested size: 469.75502pt x 129.32736pt.
 [86 <./Multiplexing2.pdf>]) [87] [88]
Chapter 6.
(./Summary.tex [89


] [90] [91]) [92] [93]
Chapter 7.
(./appendix.tex (/usr/share/texlive/texmf-dist/tex/latex/listings/lstlang1.sty
File: lstlang1.sty 2015/06/04 1.6 listings language file
) [94

]
Overfull \hbox (23.74413pt too wide) in paragraph at lines 34--35
[][][][][][][][][][][][][][][][][][][][][][][][][] 
 []

LaTeX Font Info:    Try loading font information for OML+cmr on input line 35.
(/usr/share/texlive/texmf-dist/tex/latex/base/omlcmr.fd
File: omlcmr.fd 2014/09/29 v2.5h Standard LaTeX font definitions
)
LaTeX Font Info:    Font shape `OML/cmr/m/n' in size <12> not available
(Font)              Font shape `OML/cmm/m/it' tried instead on input line 35.

Overfull \hbox (23.74413pt too wide) in paragraph at lines 35--36
[][][][][][][][][][][][][][][][][][][] 
 []

) [95] (./previously_published_materials.tex (./Dissertation.bbl)pdfTeX warning
 (ext4): destination with the same identifier (name{cite.Moocarme2014}) has bee
n already used, duplicate ignored
<to be read again> 
                   \relax 
l.7 \bibentry{Moocarme2014}
                           pdfTeX warning (ext4): destination with the same ide
ntifier (name{cite.Moocarme14}) has been already used, duplicate ignored
<to be read again> 
                   \relax 
l.11 \bibentry{Moocarme14}
                          pdfTeX warning (ext4): destination with the same iden
tifier (name{cite.Moocarme15}) has been already used, duplicate ignored
<to be read again> 
                   \relax 
l.15 \bibentry{Moocarme15}
                          ) [96

] (./Dissertation.bbl [97



] [98] [99]
Missing character: There is no Ã in font cmr12!
Missing character: There is no ­ in font cmr12!
 [100]
[101]
Missing character: There is no â in font cmr12!
Missing character: There is no € in font cmr12!
Missing character: There is no ‰ in font cmr12!
 [102]
Missing character: There is no Ã in font cmr12!
Missing character: There is no ¤ in font cmr12!
 [103]
Missing character: There is no Ã in font cmr12!
Missing character: There is no ¤ in font cmr12!
Missing character: There is no Ã in font cmr12!
Missing character: There is no ¼ in font cmr12!
Missing character: There is no Ã in font cmr12!
Missing character: There is no ¶ in font cmr12!
pdfTeX warning (ext4): destination with the same identifier (name{cite.Moocarme
2014}) has been already used, duplicate ignored
<to be read again> 
                   \relax 
l.627 ...tem[Moocarme et~al., 2014a]{Moocarme2014}
                                                  pdfTeX warning (ext4): destin
ation with the same identifier (name{cite.Moocarme14}) has been already used, d
uplicate ignored
<to be read again> 
                   \relax 
l.633 \bibitem[Moocarme et~al., 2014b]{Moocarme14}
                                                  pdfTeX warning (ext4): destin
ation with the same identifier (name{cite.Moocarme16}) has been already used, d
uplicate ignored
<to be read again> 
                   \relax 
l.638 \bibitem[Moocarme et~al., 2017]{Moocarme16}
                                                 pdfTeX warning (ext4): destina
tion with the same identifier (name{cite.Moocarme15}) has been already used, du
plicate ignored
<to be read again> 
                   \relax 
l.644 ...tem[Moocarme and Vuong, 2015]{Moocarme15}
                                                   [104] [105] [106] [107]
Missing character: There is no Ì in font cmr12!
Missing character: There is no  in font cmr12!
Missing character: There is no Ì in font cmr12!
Missing character: There is no ˆ in font cmr12!
Missing character: There is no Ã in font cmr12!
Missing character: There is no ¹ in font cmr12!

[108] [109])
Package atveryend Info: Empty hook `BeforeClearDocument' on input line 300.
 [110]
Package atveryend Info: Empty hook `AfterLastShipout' on input line 300.
 (./Dissertation.aux (./Title_page.aux) (./Copyright_page.aux) (./Approval_page
.aux) (./Abstract.aux) (./Acknowledgments.aux))
Package atveryend Info: Executing hook `AtVeryEndDocument' on input line 300.
Package atveryend Info: Executing hook `AtEndAfterFileList' on input line 300.
Package rerunfilecheck Info: File `Dissertation.out' has not changed.
(rerunfilecheck)             Checksum: E59073DA6C8A7DEC2D284716280F4D9B;5501.
Package atveryend Info: Empty hook `AtVeryVeryEnd' on input line 300.
 ) 
Here is how much of TeX's memory you used:
 20562 strings out of 493029
 342611 string characters out of 6136235
 594259 words of memory out of 5000000
 23108 multiletter control sequences out of 15000+600000
 14512 words of font info for 55 fonts, out of 8000000 for 9000
 1141 hyphenation exceptions out of 8191
 56i,20n,55p,2124b,2204s stack positions out of 5000i,500n,10000p,200000b,80000s
</usr/share/texlive/texmf-dist/fonts/type1/public/opensans/OpenSans-Regular.p
fb

pdfTeX warning: pdflatex (file /usr/share/texlive/texmf-dist/fonts/type1/public
/opensans/OpenSans-Regular.pfb): glyph `Deltagreek' undefined
></usr/share/texlive/texmf-dist/fonts/type1/public/amsfonts/cm/cmbx12.pfb></usr
/share/texlive/texmf-dist/fonts/type1/public/amsfonts/cm/cmbx8.pfb></usr/share/
texlive/texmf-dist/fonts/type1/public/amsfonts/cm/cmcsc10.pfb></usr/share/texli
ve/texmf-dist/fonts/type1/public/amsfonts/cm/cmex10.pfb></usr/share/texlive/tex
mf-dist/fonts/type1/public/amsfonts/cm/cmmi12.pfb></usr/share/texlive/texmf-dis
t/fonts/type1/public/amsfonts/cm/cmmi6.pfb></usr/share/texlive/texmf-dist/fonts
/type1/public/amsfonts/cm/cmmi8.pfb></usr/share/texlive/texmf-dist/fonts/type1/
public/amsfonts/cm/cmr12.pfb></usr/share/texlive/texmf-dist/fonts/type1/public/
amsfonts/cm/cmr6.pfb></usr/share/texlive/texmf-dist/fonts/type1/public/amsfonts
/cm/cmr8.pfb></usr/share/texlive/texmf-dist/fonts/type1/public/amsfonts/cm/cmsl
12.pfb></usr/share/texlive/texmf-dist/fonts/type1/public/amsfonts/cm/cmsy10.pfb
></usr/share/texlive/texmf-dist/fonts/type1/public/amsfonts/cm/cmsy6.pfb></usr/
share/texlive/texmf-dist/fonts/type1/public/amsfonts/cm/cmsy8.pfb></usr/share/t
exlive/texmf-dist/fonts/type1/public/amsfonts/cm/cmti12.pfb></usr/share/texlive
/texmf-dist/fonts/type1/public/amsfonts/cm/cmtt12.pfb></usr/share/texlive/texmf
-dist/fonts/type1/public/rsfs/rsfs10.pfb>
Output written on Dissertation.pdf (136 pages, 38708537 bytes).
PDF statistics:
 6849 PDF objects out of 7423 (max. 8388607)
 2851 compressed objects within 29 object streams
 514 named destinations out of 1000 (max. 500000)
 737 words of extra memory for PDF output out of 10000 (max. 10000000)

